{
  "RSpec": {
    "coverage": {
      "/Users/andrewgibbs/Projects/tech_tests/seedrs/seedlings/spec/feature/features_spec.rb": [
        1,
        null,
        1,
        0,
        0,
        null,
        null,
        null,
        null,
        null,
        null,
        null,
        null,
        null
      ],
      "/Users/andrewgibbs/Projects/tech_tests/seedrs/seedlings/spec/unit/campaigns_spec.rb": [
        null,
        null,
        null,
        null,
        null,
        null,
        null,
        null,
        null,
        null,
        null,
        null,
        null,
        null,
        null,
        null
      ],
      "/Users/andrewgibbs/Projects/tech_tests/seedrs/seedlings/spec/unit/database_spec.rb": [
        1,
        null,
        0,
        0,
        0,
        0,
        0,
        null,
        null,
        null
      ]
    },
    "timestamp": 1545215495
  }
}
